0 info it worked if it ends with ok
1 verbose cli [ 'C:\\Program Files\\nodejs\\node.exe',
1 verbose cli   'C:\\Program Files\\nodejs\\node_modules\\npm\\bin\\npm-cli.js',
1 verbose cli   'run',
1 verbose cli   'deploy' ]
2 info using npm@3.10.10
3 info using node@v6.10.0
4 verbose run-script [ 'predeploy', 'deploy', 'postdeploy' ]
5 info lifecycle egotory@0.1.0~predeploy: egotory@0.1.0
6 verbose lifecycle egotory@0.1.0~predeploy: unsafe-perm in lifecycle true
7 verbose lifecycle egotory@0.1.0~predeploy: PATH: C:\Program Files\nodejs\node_modules\npm\bin\node-gyp-bin;C:\Users\grumb\Dropbox\egotory\node_modules\.bin;C:\ProgramData\Oracle\Java\javapath;C:\Program Files\Dell\DW WLAN Card;C:\Program Files (x86)\Intel\iCLS Client\;C:\Program Files\Intel\iCLS Client\;C:\Windows\system32;C:\Windows;C:\Windows\System32\Wbem;C:\Windows\System32\WindowsPowerShell\v1.0\;C:\Program Files (x86)\Intel\Intel(R) Management Engine Components\DAL;C:\Program Files\Intel\Intel(R) Management Engine Components\DAL;C:\Program Files (x86)\Intel\Intel(R) Management Engine Components\IPT;C:\Program Files\Intel\Intel(R) Management Engine Components\IPT;C:\Program Files\WIDCOMM\Bluetooth Software\;C:\Program Files\WIDCOMM\Bluetooth Software\syswow64;C:\Program Files (x86)\NVIDIA Corporation\PhysX\Common;%SystemRoot%\system32;%SystemRoot%;%SystemRoot%\System32\Wbem;%SYSTEMROOT%\System32\WindowsPowerShell\v1.0\;C:\Program Files\nodejs\;C:\Program Files (x86)\GtkSharp\2.12\bin;C:\Program Files (x86)\Windows Kits\10\Windows Performance Toolkit\;C:\Program Files\Microsoft SQL Server\130\Tools\Binn\;C:\Program Files\dotnet\;C:\Program Files\Git\cmd;C:\Program Files\CMake\bin;C:\xampp\php;C:\ProgramData\ComposerSetup\bin;C:\Program Files (x86)\Brackets\command;C:\Program Files (x86)\Universal Extractor;C:\Program Files (x86)\Universal Extractor\bin;C:\Android;C:\Ruby24-x64\bin;C:\Users\grumb\AppData\Local\Microsoft\WindowsApps;C:\Users\grumb\AppData\Local\atom\bin;C:\Users\grumb\AppData\Roaming\npm;C:\Users\grumb\AppData\Local\Programs\Python\Python36-32, C:\Users\grumb\AppData\Local\Programs\Python\Python36-32\Lib\site-packages;C:\Users\grumb\AppData\Local\Google\Cloud SDK\google-cloud-sdk\bin;C:\Program Files\Heroku\bin;C:\Users\grumb\AppData\Local\Microsoft\WindowsApps;C:\Users\grumb\AppData\Local\now-cli;C:\Users\grumb\AppData\Roaming\Composer\vendor\bin;C:\Users\grumb\AppData\Local\learn_ide_3\bin;C:\Users\grumb\AppData\Local\GitHubDesktop\bin
8 verbose lifecycle egotory@0.1.0~predeploy: CWD: C:\Users\grumb\Dropbox\egotory
9 silly lifecycle egotory@0.1.0~predeploy: Args: [ '/d /s /c', 'npm run build' ]
10 silly lifecycle egotory@0.1.0~predeploy: Returned: code: 0  signal: null
11 info lifecycle egotory@0.1.0~deploy: egotory@0.1.0
12 verbose lifecycle egotory@0.1.0~deploy: unsafe-perm in lifecycle true
13 verbose lifecycle egotory@0.1.0~deploy: PATH: C:\Program Files\nodejs\node_modules\npm\bin\node-gyp-bin;C:\Users\grumb\Dropbox\egotory\node_modules\.bin;C:\ProgramData\Oracle\Java\javapath;C:\Program Files\Dell\DW WLAN Card;C:\Program Files (x86)\Intel\iCLS Client\;C:\Program Files\Intel\iCLS Client\;C:\Windows\system32;C:\Windows;C:\Windows\System32\Wbem;C:\Windows\System32\WindowsPowerShell\v1.0\;C:\Program Files (x86)\Intel\Intel(R) Management Engine Components\DAL;C:\Program Files\Intel\Intel(R) Management Engine Components\DAL;C:\Program Files (x86)\Intel\Intel(R) Management Engine Components\IPT;C:\Program Files\Intel\Intel(R) Management Engine Components\IPT;C:\Program Files\WIDCOMM\Bluetooth Software\;C:\Program Files\WIDCOMM\Bluetooth Software\syswow64;C:\Program Files (x86)\NVIDIA Corporation\PhysX\Common;%SystemRoot%\system32;%SystemRoot%;%SystemRoot%\System32\Wbem;%SYSTEMROOT%\System32\WindowsPowerShell\v1.0\;C:\Program Files\nodejs\;C:\Program Files (x86)\GtkSharp\2.12\bin;C:\Program Files (x86)\Windows Kits\10\Windows Performance Toolkit\;C:\Program Files\Microsoft SQL Server\130\Tools\Binn\;C:\Program Files\dotnet\;C:\Program Files\Git\cmd;C:\Program Files\CMake\bin;C:\xampp\php;C:\ProgramData\ComposerSetup\bin;C:\Program Files (x86)\Brackets\command;C:\Program Files (x86)\Universal Extractor;C:\Program Files (x86)\Universal Extractor\bin;C:\Android;C:\Ruby24-x64\bin;C:\Users\grumb\AppData\Local\Microsoft\WindowsApps;C:\Users\grumb\AppData\Local\atom\bin;C:\Users\grumb\AppData\Roaming\npm;C:\Users\grumb\AppData\Local\Programs\Python\Python36-32, C:\Users\grumb\AppData\Local\Programs\Python\Python36-32\Lib\site-packages;C:\Users\grumb\AppData\Local\Google\Cloud SDK\google-cloud-sdk\bin;C:\Program Files\Heroku\bin;C:\Users\grumb\AppData\Local\Microsoft\WindowsApps;C:\Users\grumb\AppData\Local\now-cli;C:\Users\grumb\AppData\Roaming\Composer\vendor\bin;C:\Users\grumb\AppData\Local\learn_ide_3\bin;C:\Users\grumb\AppData\Local\GitHubDesktop\bin
14 verbose lifecycle egotory@0.1.0~deploy: CWD: C:\Users\grumb\Dropbox\egotory
15 silly lifecycle egotory@0.1.0~deploy: Args: [ '/d /s /c', 'gh-pages -d build' ]
16 silly lifecycle egotory@0.1.0~deploy: Returned: code: 1  signal: null
17 info lifecycle egotory@0.1.0~deploy: Failed to exec deploy script
18 verbose stack Error: egotory@0.1.0 deploy: `gh-pages -d build`
18 verbose stack Exit status 1
18 verbose stack     at EventEmitter.<anonymous> (C:\Program Files\nodejs\node_modules\npm\lib\utils\lifecycle.js:255:16)
18 verbose stack     at emitTwo (events.js:106:13)
18 verbose stack     at EventEmitter.emit (events.js:191:7)
18 verbose stack     at ChildProcess.<anonymous> (C:\Program Files\nodejs\node_modules\npm\lib\utils\spawn.js:40:14)
18 verbose stack     at emitTwo (events.js:106:13)
18 verbose stack     at ChildProcess.emit (events.js:191:7)
18 verbose stack     at maybeClose (internal/child_process.js:877:16)
18 verbose stack     at Process.ChildProcess._handle.onexit (internal/child_process.js:226:5)
19 verbose pkgid egotory@0.1.0
20 verbose cwd C:\Users\grumb\Dropbox\egotory
21 error Windows_NT 10.0.15063
22 error argv "C:\\Program Files\\nodejs\\node.exe" "C:\\Program Files\\nodejs\\node_modules\\npm\\bin\\npm-cli.js" "run" "deploy"
23 error node v6.10.0
24 error npm  v3.10.10
25 error code ELIFECYCLE
26 error egotory@0.1.0 deploy: `gh-pages -d build`
26 error Exit status 1
27 error Failed at the egotory@0.1.0 deploy script 'gh-pages -d build'.
27 error Make sure you have the latest version of node.js and npm installed.
27 error If you do, this is most likely a problem with the egotory package,
27 error not with npm itself.
27 error Tell the author that this fails on your system:
27 error     gh-pages -d build
27 error You can get information on how to open an issue for this project with:
27 error     npm bugs egotory
27 error Or if that isn't available, you can get their info via:
27 error     npm owner ls egotory
27 error There is likely additional logging output above.
28 verbose exit [ 1, true ]
